<?xml version="1.0" encoding="UTF-8"?>
<!-- Generated by org.testng.reporters.JUnitReportReporter -->
<testsuite skipped="0" hostname="5410-TH0174" name="com.testvagrant.interview.RC_Banglore.TestCase" tests="2" failures="0" timestamp="07 Feb 2023 13:02:26 GMT" time="0.035" errors="0">
  <testcase name="The_team_has_only_4_players" time="0.000" classname="com.testvagrant.interview.RC_Banglore.TestCase"/>
  <testcase name="Team_has_atleast_one_wc" time="0.035" classname="com.testvagrant.interview.RC_Banglore.TestCase"/>
</testsuite> <!-- com.testvagrant.interview.RC_Banglore.TestCase -->
